<?xml version="1.0" encoding="UTF-8"?>
<testsuite xmlns:xsi="http://www.w3.org/2001/XMLSchema-instance" xsi:noNamespaceSchemaLocation="https://maven.apache.org/surefire/maven-surefire-plugin/xsd/surefire-test-report-3.0.xsd" version="3.0" name="TestSuite" time="36.121" tests="4" errors="0" skipped="0" failures="3">
  <properties>
    <property name="sun.desktop" value="gnome"/>
    <property name="awt.toolkit" value="sun.awt.X11.XToolkit"/>
    <property name="file.encoding.pkg" value="sun.io"/>
    <property name="java.specification.version" value="1.8"/>
    <property name="webdriver.chrome.driver" value="/home/akirnik/.cache/selenium/chromedriver/linux64/100.0.4896.60/chromedriver"/>
    <property name="sun.cpu.isalist" value=""/>
    <property name="sun.jnu.encoding" value="UTF-8"/>
    <property name="java.class.path" value="/home/akirnik/IdeaProjects/TestSaucedemo/target/test-classes:/home/akirnik/IdeaProjects/TestSaucedemo/target/classes:/home/akirnik/.m2/repository/org/seleniumhq/selenium/selenium-java/3.141.5/selenium-java-3.141.5.jar:/home/akirnik/.m2/repository/org/seleniumhq/selenium/selenium-edge-driver/3.141.5/selenium-edge-driver-3.141.5.jar:/home/akirnik/.m2/repository/org/seleniumhq/selenium/selenium-firefox-driver/3.141.5/selenium-firefox-driver-3.141.5.jar:/home/akirnik/.m2/repository/org/seleniumhq/selenium/selenium-ie-driver/3.141.5/selenium-ie-driver-3.141.5.jar:/home/akirnik/.m2/repository/org/seleniumhq/selenium/selenium-opera-driver/3.141.5/selenium-opera-driver-3.141.5.jar:/home/akirnik/.m2/repository/org/seleniumhq/selenium/selenium-remote-driver/3.141.5/selenium-remote-driver-3.141.5.jar:/home/akirnik/.m2/repository/org/seleniumhq/selenium/selenium-safari-driver/3.141.5/selenium-safari-driver-3.141.5.jar:/home/akirnik/.m2/repository/org/seleniumhq/selenium/selenium-support/3.141.5/selenium-support-3.141.5.jar:/home/akirnik/.m2/repository/net/bytebuddy/byte-buddy/1.8.15/byte-buddy-1.8.15.jar:/home/akirnik/.m2/repository/org/apache/commons/commons-exec/1.3/commons-exec-1.3.jar:/home/akirnik/.m2/repository/com/google/guava/guava/25.0-jre/guava-25.0-jre.jar:/home/akirnik/.m2/repository/com/google/code/findbugs/jsr305/1.3.9/jsr305-1.3.9.jar:/home/akirnik/.m2/repository/org/checkerframework/checker-compat-qual/2.0.0/checker-compat-qual-2.0.0.jar:/home/akirnik/.m2/repository/com/google/errorprone/error_prone_annotations/2.1.3/error_prone_annotations-2.1.3.jar:/home/akirnik/.m2/repository/com/google/j2objc/j2objc-annotations/1.1/j2objc-annotations-1.1.jar:/home/akirnik/.m2/repository/org/codehaus/mojo/animal-sniffer-annotations/1.14/animal-sniffer-annotations-1.14.jar:/home/akirnik/.m2/repository/com/squareup/okhttp3/okhttp/3.11.0/okhttp-3.11.0.jar:/home/akirnik/.m2/repository/com/squareup/okio/okio/1.14.0/okio-1.14.0.jar:/home/akirnik/.m2/repository/io/github/bonigarcia/webdrivermanager/4.4.3/webdrivermanager-4.4.3.jar:/home/akirnik/.m2/repository/org/slf4j/slf4j-api/1.7.30/slf4j-api-1.7.30.jar:/home/akirnik/.m2/repository/commons-io/commons-io/2.8.0/commons-io-2.8.0.jar:/home/akirnik/.m2/repository/com/google/code/gson/gson/2.8.6/gson-2.8.6.jar:/home/akirnik/.m2/repository/org/apache/commons/commons-lang3/3.12.0/commons-lang3-3.12.0.jar:/home/akirnik/.m2/repository/org/apache/httpcomponents/client5/httpclient5/5.0.3/httpclient5-5.0.3.jar:/home/akirnik/.m2/repository/org/apache/httpcomponents/core5/httpcore5/5.0.2/httpcore5-5.0.2.jar:/home/akirnik/.m2/repository/org/apache/httpcomponents/core5/httpcore5-h2/5.0.2/httpcore5-h2-5.0.2.jar:/home/akirnik/.m2/repository/commons-codec/commons-codec/1.13/commons-codec-1.13.jar:/home/akirnik/.m2/repository/org/rauschig/jarchivelib/1.1.0/jarchivelib-1.1.0.jar:/home/akirnik/.m2/repository/org/apache/commons/commons-compress/1.20/commons-compress-1.20.jar:/home/akirnik/.m2/repository/org/jsoup/jsoup/1.13.1/jsoup-1.13.1.jar:/home/akirnik/.m2/repository/org/seleniumhq/selenium/selenium-api/3.141.5/selenium-api-3.141.5.jar:/home/akirnik/.m2/repository/com/codeborne/selenide/5.20.3/selenide-5.20.3.jar:/home/akirnik/.m2/repository/org/seleniumhq/selenium/selenium-chrome-driver/3.141.5/selenium-chrome-driver-3.141.5.jar:/home/akirnik/.m2/repository/org/testng/testng/7.3.0/testng-7.3.0.jar:/home/akirnik/.m2/repository/com/beust/jcommander/1.78/jcommander-1.78.jar:/home/akirnik/.m2/repository/org/apache/ant/ant/1.10.3/ant-1.10.3.jar:/home/akirnik/.m2/repository/org/apache/ant/ant-launcher/1.10.3/ant-launcher-1.10.3.jar:/home/akirnik/.m2/repository/junit/junit/4.12/junit-4.12.jar:/home/akirnik/.m2/repository/com/google/inject/guice/4.2.2/guice-4.2.2-no_aop.jar:/home/akirnik/.m2/repository/javax/inject/javax.inject/1/javax.inject-1.jar:/home/akirnik/.m2/repository/aopalliance/aopalliance/1.0/aopalliance-1.0.jar:/home/akirnik/.m2/repository/org/yaml/snakeyaml/1.21/snakeyaml-1.21.jar:/home/akirnik/.m2/repository/io/qameta/allure/allure-testng/2.13.8/allure-testng-2.13.8.jar:/home/akirnik/.m2/repository/io/qameta/allure/allure-java-commons/2.13.8/allure-java-commons-2.13.8.jar:/home/akirnik/.m2/repository/io/qameta/allure/allure-model/2.13.8/allure-model-2.13.8.jar:/home/akirnik/.m2/repository/org/apache/tika/tika-core/1.24.1/tika-core-1.24.1.jar:/home/akirnik/.m2/repository/org/jooq/joor-java-8/0.9.13/joor-java-8-0.9.13.jar:/home/akirnik/.m2/repository/org/slf4j/slf4j-nop/1.7.35/slf4j-nop-1.7.35.jar:/home/akirnik/.m2/repository/io/qameta/allure/allure-rest-assured/2.17.2/allure-rest-assured-2.17.2.jar:/home/akirnik/.m2/repository/io/qameta/allure/allure-attachments/2.17.2/allure-attachments-2.17.2.jar:/home/akirnik/.m2/repository/org/freemarker/freemarker/2.3.31/freemarker-2.3.31.jar:/home/akirnik/.m2/repository/io/rest-assured/rest-assured/4.4.0/rest-assured-4.4.0.jar:/home/akirnik/.m2/repository/org/codehaus/groovy/groovy/3.0.8/groovy-3.0.8.jar:/home/akirnik/.m2/repository/org/codehaus/groovy/groovy-xml/3.0.8/groovy-xml-3.0.8.jar:/home/akirnik/.m2/repository/org/apache/httpcomponents/httpclient/4.5.13/httpclient-4.5.13.jar:/home/akirnik/.m2/repository/org/apache/httpcomponents/httpcore/4.4.13/httpcore-4.4.13.jar:/home/akirnik/.m2/repository/commons-logging/commons-logging/1.2/commons-logging-1.2.jar:/home/akirnik/.m2/repository/org/apache/httpcomponents/httpmime/4.5.13/httpmime-4.5.13.jar:/home/akirnik/.m2/repository/org/ccil/cowan/tagsoup/tagsoup/1.2.1/tagsoup-1.2.1.jar:/home/akirnik/.m2/repository/io/rest-assured/json-path/4.4.0/json-path-4.4.0.jar:/home/akirnik/.m2/repository/org/codehaus/groovy/groovy-json/3.0.8/groovy-json-3.0.8.jar:/home/akirnik/.m2/repository/io/rest-assured/rest-assured-common/4.4.0/rest-assured-common-4.4.0.jar:/home/akirnik/.m2/repository/io/rest-assured/xml-path/4.4.0/xml-path-4.4.0.jar:/home/akirnik/.m2/repository/com/sun/xml/bind/jaxb-impl/2.3.3/jaxb-impl-2.3.3.jar:/home/akirnik/.m2/repository/com/jayway/restassured/json-schema-validator/2.9.0/json-schema-validator-2.9.0.jar:/home/akirnik/.m2/repository/com/github/fge/json-schema-validator/2.2.6/json-schema-validator-2.2.6.jar:/home/akirnik/.m2/repository/joda-time/joda-time/2.3/joda-time-2.3.jar:/home/akirnik/.m2/repository/com/googlecode/libphonenumber/libphonenumber/6.2/libphonenumber-6.2.jar:/home/akirnik/.m2/repository/com/github/fge/json-schema-core/1.2.5/json-schema-core-1.2.5.jar:/home/akirnik/.m2/repository/com/github/fge/uri-template/0.9/uri-template-0.9.jar:/home/akirnik/.m2/repository/com/github/fge/msg-simple/1.1/msg-simple-1.1.jar:/home/akirnik/.m2/repository/com/github/fge/btf/1.2/btf-1.2.jar:/home/akirnik/.m2/repository/com/github/fge/jackson-coreutils/1.8/jackson-coreutils-1.8.jar:/home/akirnik/.m2/repository/org/mozilla/rhino/1.7R4/rhino-1.7R4.jar:/home/akirnik/.m2/repository/javax/mail/mailapi/1.4.3/mailapi-1.4.3.jar:/home/akirnik/.m2/repository/javax/activation/activation/1.1/activation-1.1.jar:/home/akirnik/.m2/repository/net/sf/jopt-simple/jopt-simple/4.6/jopt-simple-4.6.jar:/home/akirnik/.m2/repository/org/hamcrest/hamcrest-core/1.3/hamcrest-core-1.3.jar:/home/akirnik/.m2/repository/org/projectlombok/lombok/1.18.22/lombok-1.18.22.jar:/home/akirnik/.m2/repository/com/fasterxml/jackson/dataformat/jackson-dataformat-xml/2.11.1/jackson-dataformat-xml-2.11.1.jar:/home/akirnik/.m2/repository/com/fasterxml/jackson/core/jackson-core/2.11.1/jackson-core-2.11.1.jar:/home/akirnik/.m2/repository/com/fasterxml/jackson/core/jackson-annotations/2.11.1/jackson-annotations-2.11.1.jar:/home/akirnik/.m2/repository/com/fasterxml/jackson/module/jackson-module-jaxb-annotations/2.11.1/jackson-module-jaxb-annotations-2.11.1.jar:/home/akirnik/.m2/repository/jakarta/xml/bind/jakarta.xml.bind-api/2.3.2/jakarta.xml.bind-api-2.3.2.jar:/home/akirnik/.m2/repository/jakarta/activation/jakarta.activation-api/1.2.1/jakarta.activation-api-1.2.1.jar:/home/akirnik/.m2/repository/org/codehaus/woodstox/stax2-api/4.2.1/stax2-api-4.2.1.jar:/home/akirnik/.m2/repository/com/fasterxml/woodstox/woodstox-core/6.2.1/woodstox-core-6.2.1.jar:/home/akirnik/.m2/repository/com/fasterxml/jackson/core/jackson-databind/2.11.2/jackson-databind-2.11.2.jar:/home/akirnik/.m2/repository/org/awaitility/awaitility/4.2.0/awaitility-4.2.0.jar:/home/akirnik/.m2/repository/org/hamcrest/hamcrest/2.2/hamcrest-2.2.jar:/home/akirnik/.m2/repository/net/hamnaberg/json/immutable-json-gson/7.1.0/immutable-json-gson-7.1.0.jar:/home/akirnik/.m2/repository/net/hamnaberg/json/immutable-json-core/7.1.0/immutable-json-core-7.1.0.jar:/home/akirnik/.m2/repository/net/hamnaberg/json/immutable-json-ast/7.1.0/immutable-json-ast-7.1.0.jar:"/>
    <property name="java.vm.vendor" value="Private Build"/>
    <property name="sun.arch.data.model" value="64"/>
    <property name="java.vendor.url" value="http://java.oracle.com/"/>
    <property name="user.timezone" value="Europe/Moscow"/>
    <property name="java.vm.specification.version" value="1.8"/>
    <property name="os.name" value="Linux"/>
    <property name="user.country" value="RU"/>
    <property name="sun.java.launcher" value="SUN_STANDARD"/>
    <property name="sun.boot.library.path" value="/usr/lib/jvm/java-8-openjdk-amd64/jre/lib/amd64"/>
    <property name="sun.java.command" value="/home/akirnik/IdeaProjects/TestSaucedemo/target/surefire/surefirebooter4990626044457296538.jar /home/akirnik/IdeaProjects/TestSaucedemo/target/surefire 2022-05-17T12-31-35_283-jvmRun1 surefire8011753838174874591tmp surefire_03375084846993095606tmp"/>
    <property name="surefire.test.class.path" value="/home/akirnik/IdeaProjects/TestSaucedemo/target/test-classes:/home/akirnik/IdeaProjects/TestSaucedemo/target/classes:/home/akirnik/.m2/repository/org/seleniumhq/selenium/selenium-java/3.141.5/selenium-java-3.141.5.jar:/home/akirnik/.m2/repository/org/seleniumhq/selenium/selenium-edge-driver/3.141.5/selenium-edge-driver-3.141.5.jar:/home/akirnik/.m2/repository/org/seleniumhq/selenium/selenium-firefox-driver/3.141.5/selenium-firefox-driver-3.141.5.jar:/home/akirnik/.m2/repository/org/seleniumhq/selenium/selenium-ie-driver/3.141.5/selenium-ie-driver-3.141.5.jar:/home/akirnik/.m2/repository/org/seleniumhq/selenium/selenium-opera-driver/3.141.5/selenium-opera-driver-3.141.5.jar:/home/akirnik/.m2/repository/org/seleniumhq/selenium/selenium-remote-driver/3.141.5/selenium-remote-driver-3.141.5.jar:/home/akirnik/.m2/repository/org/seleniumhq/selenium/selenium-safari-driver/3.141.5/selenium-safari-driver-3.141.5.jar:/home/akirnik/.m2/repository/org/seleniumhq/selenium/selenium-support/3.141.5/selenium-support-3.141.5.jar:/home/akirnik/.m2/repository/net/bytebuddy/byte-buddy/1.8.15/byte-buddy-1.8.15.jar:/home/akirnik/.m2/repository/org/apache/commons/commons-exec/1.3/commons-exec-1.3.jar:/home/akirnik/.m2/repository/com/google/guava/guava/25.0-jre/guava-25.0-jre.jar:/home/akirnik/.m2/repository/com/google/code/findbugs/jsr305/1.3.9/jsr305-1.3.9.jar:/home/akirnik/.m2/repository/org/checkerframework/checker-compat-qual/2.0.0/checker-compat-qual-2.0.0.jar:/home/akirnik/.m2/repository/com/google/errorprone/error_prone_annotations/2.1.3/error_prone_annotations-2.1.3.jar:/home/akirnik/.m2/repository/com/google/j2objc/j2objc-annotations/1.1/j2objc-annotations-1.1.jar:/home/akirnik/.m2/repository/org/codehaus/mojo/animal-sniffer-annotations/1.14/animal-sniffer-annotations-1.14.jar:/home/akirnik/.m2/repository/com/squareup/okhttp3/okhttp/3.11.0/okhttp-3.11.0.jar:/home/akirnik/.m2/repository/com/squareup/okio/okio/1.14.0/okio-1.14.0.jar:/home/akirnik/.m2/repository/io/github/bonigarcia/webdrivermanager/4.4.3/webdrivermanager-4.4.3.jar:/home/akirnik/.m2/repository/org/slf4j/slf4j-api/1.7.30/slf4j-api-1.7.30.jar:/home/akirnik/.m2/repository/commons-io/commons-io/2.8.0/commons-io-2.8.0.jar:/home/akirnik/.m2/repository/com/google/code/gson/gson/2.8.6/gson-2.8.6.jar:/home/akirnik/.m2/repository/org/apache/commons/commons-lang3/3.12.0/commons-lang3-3.12.0.jar:/home/akirnik/.m2/repository/org/apache/httpcomponents/client5/httpclient5/5.0.3/httpclient5-5.0.3.jar:/home/akirnik/.m2/repository/org/apache/httpcomponents/core5/httpcore5/5.0.2/httpcore5-5.0.2.jar:/home/akirnik/.m2/repository/org/apache/httpcomponents/core5/httpcore5-h2/5.0.2/httpcore5-h2-5.0.2.jar:/home/akirnik/.m2/repository/commons-codec/commons-codec/1.13/commons-codec-1.13.jar:/home/akirnik/.m2/repository/org/rauschig/jarchivelib/1.1.0/jarchivelib-1.1.0.jar:/home/akirnik/.m2/repository/org/apache/commons/commons-compress/1.20/commons-compress-1.20.jar:/home/akirnik/.m2/repository/org/jsoup/jsoup/1.13.1/jsoup-1.13.1.jar:/home/akirnik/.m2/repository/org/seleniumhq/selenium/selenium-api/3.141.5/selenium-api-3.141.5.jar:/home/akirnik/.m2/repository/com/codeborne/selenide/5.20.3/selenide-5.20.3.jar:/home/akirnik/.m2/repository/org/seleniumhq/selenium/selenium-chrome-driver/3.141.5/selenium-chrome-driver-3.141.5.jar:/home/akirnik/.m2/repository/org/testng/testng/7.3.0/testng-7.3.0.jar:/home/akirnik/.m2/repository/com/beust/jcommander/1.78/jcommander-1.78.jar:/home/akirnik/.m2/repository/org/apache/ant/ant/1.10.3/ant-1.10.3.jar:/home/akirnik/.m2/repository/org/apache/ant/ant-launcher/1.10.3/ant-launcher-1.10.3.jar:/home/akirnik/.m2/repository/junit/junit/4.12/junit-4.12.jar:/home/akirnik/.m2/repository/com/google/inject/guice/4.2.2/guice-4.2.2-no_aop.jar:/home/akirnik/.m2/repository/javax/inject/javax.inject/1/javax.inject-1.jar:/home/akirnik/.m2/repository/aopalliance/aopalliance/1.0/aopalliance-1.0.jar:/home/akirnik/.m2/repository/org/yaml/snakeyaml/1.21/snakeyaml-1.21.jar:/home/akirnik/.m2/repository/io/qameta/allure/allure-testng/2.13.8/allure-testng-2.13.8.jar:/home/akirnik/.m2/repository/io/qameta/allure/allure-java-commons/2.13.8/allure-java-commons-2.13.8.jar:/home/akirnik/.m2/repository/io/qameta/allure/allure-model/2.13.8/allure-model-2.13.8.jar:/home/akirnik/.m2/repository/org/apache/tika/tika-core/1.24.1/tika-core-1.24.1.jar:/home/akirnik/.m2/repository/org/jooq/joor-java-8/0.9.13/joor-java-8-0.9.13.jar:/home/akirnik/.m2/repository/org/slf4j/slf4j-nop/1.7.35/slf4j-nop-1.7.35.jar:/home/akirnik/.m2/repository/io/qameta/allure/allure-rest-assured/2.17.2/allure-rest-assured-2.17.2.jar:/home/akirnik/.m2/repository/io/qameta/allure/allure-attachments/2.17.2/allure-attachments-2.17.2.jar:/home/akirnik/.m2/repository/org/freemarker/freemarker/2.3.31/freemarker-2.3.31.jar:/home/akirnik/.m2/repository/io/rest-assured/rest-assured/4.4.0/rest-assured-4.4.0.jar:/home/akirnik/.m2/repository/org/codehaus/groovy/groovy/3.0.8/groovy-3.0.8.jar:/home/akirnik/.m2/repository/org/codehaus/groovy/groovy-xml/3.0.8/groovy-xml-3.0.8.jar:/home/akirnik/.m2/repository/org/apache/httpcomponents/httpclient/4.5.13/httpclient-4.5.13.jar:/home/akirnik/.m2/repository/org/apache/httpcomponents/httpcore/4.4.13/httpcore-4.4.13.jar:/home/akirnik/.m2/repository/commons-logging/commons-logging/1.2/commons-logging-1.2.jar:/home/akirnik/.m2/repository/org/apache/httpcomponents/httpmime/4.5.13/httpmime-4.5.13.jar:/home/akirnik/.m2/repository/org/ccil/cowan/tagsoup/tagsoup/1.2.1/tagsoup-1.2.1.jar:/home/akirnik/.m2/repository/io/rest-assured/json-path/4.4.0/json-path-4.4.0.jar:/home/akirnik/.m2/repository/org/codehaus/groovy/groovy-json/3.0.8/groovy-json-3.0.8.jar:/home/akirnik/.m2/repository/io/rest-assured/rest-assured-common/4.4.0/rest-assured-common-4.4.0.jar:/home/akirnik/.m2/repository/io/rest-assured/xml-path/4.4.0/xml-path-4.4.0.jar:/home/akirnik/.m2/repository/com/sun/xml/bind/jaxb-impl/2.3.3/jaxb-impl-2.3.3.jar:/home/akirnik/.m2/repository/com/jayway/restassured/json-schema-validator/2.9.0/json-schema-validator-2.9.0.jar:/home/akirnik/.m2/repository/com/github/fge/json-schema-validator/2.2.6/json-schema-validator-2.2.6.jar:/home/akirnik/.m2/repository/joda-time/joda-time/2.3/joda-time-2.3.jar:/home/akirnik/.m2/repository/com/googlecode/libphonenumber/libphonenumber/6.2/libphonenumber-6.2.jar:/home/akirnik/.m2/repository/com/github/fge/json-schema-core/1.2.5/json-schema-core-1.2.5.jar:/home/akirnik/.m2/repository/com/github/fge/uri-template/0.9/uri-template-0.9.jar:/home/akirnik/.m2/repository/com/github/fge/msg-simple/1.1/msg-simple-1.1.jar:/home/akirnik/.m2/repository/com/github/fge/btf/1.2/btf-1.2.jar:/home/akirnik/.m2/repository/com/github/fge/jackson-coreutils/1.8/jackson-coreutils-1.8.jar:/home/akirnik/.m2/repository/org/mozilla/rhino/1.7R4/rhino-1.7R4.jar:/home/akirnik/.m2/repository/javax/mail/mailapi/1.4.3/mailapi-1.4.3.jar:/home/akirnik/.m2/repository/javax/activation/activation/1.1/activation-1.1.jar:/home/akirnik/.m2/repository/net/sf/jopt-simple/jopt-simple/4.6/jopt-simple-4.6.jar:/home/akirnik/.m2/repository/org/hamcrest/hamcrest-core/1.3/hamcrest-core-1.3.jar:/home/akirnik/.m2/repository/org/projectlombok/lombok/1.18.22/lombok-1.18.22.jar:/home/akirnik/.m2/repository/com/fasterxml/jackson/dataformat/jackson-dataformat-xml/2.11.1/jackson-dataformat-xml-2.11.1.jar:/home/akirnik/.m2/repository/com/fasterxml/jackson/core/jackson-core/2.11.1/jackson-core-2.11.1.jar:/home/akirnik/.m2/repository/com/fasterxml/jackson/core/jackson-annotations/2.11.1/jackson-annotations-2.11.1.jar:/home/akirnik/.m2/repository/com/fasterxml/jackson/module/jackson-module-jaxb-annotations/2.11.1/jackson-module-jaxb-annotations-2.11.1.jar:/home/akirnik/.m2/repository/jakarta/xml/bind/jakarta.xml.bind-api/2.3.2/jakarta.xml.bind-api-2.3.2.jar:/home/akirnik/.m2/repository/jakarta/activation/jakarta.activation-api/1.2.1/jakarta.activation-api-1.2.1.jar:/home/akirnik/.m2/repository/org/codehaus/woodstox/stax2-api/4.2.1/stax2-api-4.2.1.jar:/home/akirnik/.m2/repository/com/fasterxml/woodstox/woodstox-core/6.2.1/woodstox-core-6.2.1.jar:/home/akirnik/.m2/repository/com/fasterxml/jackson/core/jackson-databind/2.11.2/jackson-databind-2.11.2.jar:/home/akirnik/.m2/repository/org/awaitility/awaitility/4.2.0/awaitility-4.2.0.jar:/home/akirnik/.m2/repository/org/hamcrest/hamcrest/2.2/hamcrest-2.2.jar:/home/akirnik/.m2/repository/net/hamnaberg/json/immutable-json-gson/7.1.0/immutable-json-gson-7.1.0.jar:/home/akirnik/.m2/repository/net/hamnaberg/json/immutable-json-core/7.1.0/immutable-json-core-7.1.0.jar:/home/akirnik/.m2/repository/net/hamnaberg/json/immutable-json-ast/7.1.0/immutable-json-ast-7.1.0.jar:"/>
    <property name="sun.cpu.endian" value="little"/>
    <property name="allure.results.directory" value="target/allure-results"/>
    <property name="user.home" value="/home/akirnik"/>
    <property name="user.language" value="ru"/>
    <property name="java.specification.vendor" value="Oracle Corporation"/>
    <property name="java.home" value="/usr/lib/jvm/java-8-openjdk-amd64/jre"/>
    <property name="basedir" value="/home/akirnik/IdeaProjects/TestSaucedemo"/>
    <property name="file.separator" value="/"/>
    <property name="line.separator" value="&#10;"/>
    <property name="java.vm.specification.vendor" value="Oracle Corporation"/>
    <property name="java.specification.name" value="Java Platform API Specification"/>
    <property name="java.awt.graphicsenv" value="sun.awt.X11GraphicsEnvironment"/>
    <property name="surefire.real.class.path" value="/home/akirnik/IdeaProjects/TestSaucedemo/target/surefire/surefirebooter4990626044457296538.jar:/home/akirnik/.m2/repository/org/aspectj/aspectjweaver/1.8.10/aspectjweaver-1.8.10.jar"/>
    <property name="sun.boot.class.path" value="/usr/lib/jvm/java-8-openjdk-amd64/jre/lib/resources.jar:/usr/lib/jvm/java-8-openjdk-amd64/jre/lib/rt.jar:/usr/lib/jvm/java-8-openjdk-amd64/jre/lib/sunrsasign.jar:/usr/lib/jvm/java-8-openjdk-amd64/jre/lib/jsse.jar:/usr/lib/jvm/java-8-openjdk-amd64/jre/lib/jce.jar:/usr/lib/jvm/java-8-openjdk-amd64/jre/lib/charsets.jar:/usr/lib/jvm/java-8-openjdk-amd64/jre/lib/jfr.jar:/usr/lib/jvm/java-8-openjdk-amd64/jre/classes"/>
    <property name="sun.management.compiler" value="HotSpot 64-Bit Tiered Compilers"/>
    <property name="java.runtime.version" value="1.8.0_312-8u312-b07-0ubuntu1~21.04-b07"/>
    <property name="user.name" value="akirnik"/>
    <property name="path.separator" value=":"/>
    <property name="os.version" value="5.11.0-49-generic"/>
    <property name="java.endorsed.dirs" value="/usr/lib/jvm/java-8-openjdk-amd64/jre/lib/endorsed"/>
    <property name="java.runtime.name" value="OpenJDK Runtime Environment"/>
    <property name="file.encoding" value="UTF-8"/>
    <property name="java.vm.name" value="OpenJDK 64-Bit Server VM"/>
    <property name="localRepository" value="/home/akirnik/.m2/repository"/>
    <property name="java.vendor.url.bug" value="http://bugreport.sun.com/bugreport/"/>
    <property name="java.io.tmpdir" value="/tmp"/>
    <property name="idea.version" value="2021.3.2"/>
    <property name="java.version" value="1.8.0_312"/>
    <property name="user.dir" value="/home/akirnik/IdeaProjects/TestSaucedemo"/>
    <property name="os.arch" value="amd64"/>
    <property name="java.vm.specification.name" value="Java Virtual Machine Specification"/>
    <property name="java.awt.printerjob" value="sun.print.PSPrinterJob"/>
    <property name="sun.os.patch.level" value="unknown"/>
    <property name="java.library.path" value="/usr/java/packages/lib/amd64:/usr/lib/x86_64-linux-gnu/jni:/lib/x86_64-linux-gnu:/usr/lib/x86_64-linux-gnu:/usr/lib/jni:/lib:/usr/lib"/>
    <property name="java.vm.info" value="mixed mode"/>
    <property name="java.vendor" value="Private Build"/>
    <property name="java.vm.version" value="25.312-b07"/>
    <property name="java.ext.dirs" value="/usr/lib/jvm/java-8-openjdk-amd64/jre/lib/ext:/usr/java/packages/lib/ext"/>
    <property name="sun.io.unicode.encoding" value="UnicodeLittle"/>
    <property name="java.class.version" value="52.0"/>
  </properties>
  <testcase name="Case2" classname="tests.AddProductToСartTest" time="0.076">
    <failure message="No webdriver is bound to current thread: 31. You need to call open(url) first." type="java.lang.IllegalStateException"><![CDATA[java.lang.IllegalStateException: No webdriver is bound to current thread: 31. You need to call open(url) first.
	at tests.AddProductToСartTest.Case2(AddProductToСartTest.java:24)
]]></failure>
    <system-err><![CDATA[Starting ChromeDriver 100.0.4896.60 (6a5d10861ce8de5fce22564658033b43cb7de047-refs/branch-heads/4896@{#875}) on port 7144
Only local connections are allowed.
Please see https://chromedriver.chromium.org/security-considerations for suggestions on keeping ChromeDriver safe.
ChromeDriver was started successfully.
мая 17, 2022 12:31:38 PM org.openqa.selenium.remote.ProtocolHandshake createSession
INFO: Detected dialect: W3C
]]></system-err>
  </testcase>
  <testcase name="Case1" classname="tests.AuthorizationTest" time="6.286">
    <system-err><![CDATA[Starting ChromeDriver 100.0.4896.60 (6a5d10861ce8de5fce22564658033b43cb7de047-refs/branch-heads/4896@{#875}) on port 30059
Only local connections are allowed.
Please see https://chromedriver.chromium.org/security-considerations for suggestions on keeping ChromeDriver safe.
ChromeDriver was started successfully.
мая 17, 2022 12:32:06 PM org.openqa.selenium.remote.ProtocolHandshake createSession
INFO: Detected dialect: W3C
]]></system-err>
  </testcase>
  <testcase name="Case4" classname="tests.DeleteProductToСartTest" time="0.002">
    <failure message="No webdriver is bound to current thread: 31. You need to call open(url) first." type="java.lang.IllegalStateException"><![CDATA[java.lang.IllegalStateException: No webdriver is bound to current thread: 31. You need to call open(url) first.
	at tests.DeleteProductToСartTest.Case4(DeleteProductToСartTest.java:24)
]]></failure>
  </testcase>
  <testcase name="Case3" classname="tests.RegistrationProductTest" time="0.002">
    <failure message="No webdriver is bound to current thread: 31. You need to call open(url) first." type="java.lang.IllegalStateException"><![CDATA[java.lang.IllegalStateException: No webdriver is bound to current thread: 31. You need to call open(url) first.
	at tests.RegistrationProductTest.Case3(RegistrationProductTest.java:27)
]]></failure>
  </testcase>
</testsuite>