<?xml version="1.0" encoding="UTF-8"?>
<!-- Generated by org.testng.reporters.JUnitReportReporter -->
<testsuite skipped="0" hostname="akirnik" name="tests.AuthorizationTest" tests="1" failures="0" timestamp="2022-05-17T12:32:12 MSK" time="6.253" errors="0">
  <testcase name="Case1" time="6.253" classname="tests.AuthorizationTest"/>
  <system-out/>
</testsuite> <!-- tests.AuthorizationTest -->
